Nombre: Julian Alvarez
Presupuesto final: 55.0
Tiempo resultante: 0.5 hs

Compras:
Pack Paisaje
-Costo:10.0
-Tiempo:7.5

Lothlorien
-Costo:35.0
-Tiempo:1.0

Total a pagar: $45.0
Tiempo a invertir: 8.5 hs
-------------------------------------------------------

Nombre: Enzo Fernandez
Presupuesto final: 60.5
Tiempo resultante: 29.5 hs

Compras:
Pack Aventura
-Costo:31.5
-Tiempo:5.0

Erebor
-Costo:12.0
-Tiempo:3.0

Pack Degustacion
-Costo:36.0
-Tiempo:7.5

Bosque Negro
-Costo:5.0
-Tiempo:3.0

Minas Tirith
-Costo:5.0
-Tiempo:2.0

Total a pagar: $89.5
Tiempo a invertir: 20.5 hs
-------------------------------------------------------

Nombre: Alexis Mac Allister
Presupuesto final: 0.5
Tiempo resultante: 12.0 hs

Compras:
Bosque Negro
-Costo:5.0
-Tiempo:3.0

Total a pagar: $5.0
Tiempo a invertir: 3.0 hs
-------------------------------------------------------

Nombre: Angel Di Maria
Presupuesto final: 59.5
Tiempo resultante: 0.0 hs

Compras:
Pack Degustacion
-Costo:36.0
-Tiempo:7.5

Mordor
-Costo:25.0
-Tiempo:3.0

Total a pagar: $61.0
Tiempo a invertir: 10.5 hs
-------------------------------------------------------

